<?xml version="1.0" encoding="UTF-8"?>
<!-- Generated by org.testng.reporters.JUnitXMLReporter -->
<testsuite ignored="0" hostname="EC2AMAZ-S11DBRH" failures="0" tests="3" name="Default test" time="1.866" errors="0" timestamp="2023-12-14T07:14:08 GMT">
  <testcase classname="testScripts.PlaceOrderTest" name="validLogin" time="0.072"/>
  <testcase classname="testScripts.PlaceOrderTest" name="addItem" time="0.25"/>
  <testcase classname="testScripts.PlaceOrderTest" name="chkoutTest" time="0.587"/>
</testsuite> <!-- Default test -->
