<?xml version="1.0" encoding="UTF-8"?>
<testng-results ignored="0" total="3" passed="3" failed="0" skipped="0">
  <reporter-output>
  </reporter-output>
  <suite started-at="2023-12-14T07:14:06 GMT" name="Default suite" finished-at="2023-12-14T07:14:08 GMT" duration-ms="1866">
    <groups>
    </groups>
    <test started-at="2023-12-14T07:14:06 GMT" name="Default test" finished-at="2023-12-14T07:14:08 GMT" duration-ms="1866">
      <class name="testScripts.PlaceOrderTest">
        <test-method is-config="true" signature="setup()[pri:0, instance:testScripts.PlaceOrderTest@70d2e40b]" started-at="2023-12-14T07:14:06 GMT" name="setup" finished-at="2023-12-14T07:14:07 GMT" duration-ms="918" status="PASS">
          <reporter-output>
          </reporter-output>
        </test-method> <!-- setup -->
        <test-method signature="validLogin()[pri:1, instance:testScripts.PlaceOrderTest@70d2e40b]" started-at="2023-12-14T07:14:07 GMT" name="validLogin" finished-at="2023-12-14T07:14:07 GMT" duration-ms="72" status="PASS">
          <reporter-output>
          </reporter-output>
        </test-method> <!-- validLogin -->
        <test-method signature="addItem()[pri:2, instance:testScripts.PlaceOrderTest@70d2e40b]" started-at="2023-12-14T07:14:07 GMT" name="addItem" finished-at="2023-12-14T07:14:08 GMT" duration-ms="250" status="PASS">
          <reporter-output>
          </reporter-output>
        </test-method> <!-- addItem -->
        <test-method signature="chkoutTest()[pri:3, instance:testScripts.PlaceOrderTest@70d2e40b]" started-at="2023-12-14T07:14:08 GMT" name="chkoutTest" finished-at="2023-12-14T07:14:08 GMT" duration-ms="587" status="PASS">
          <reporter-output>
          </reporter-output>
        </test-method> <!-- chkoutTest -->
      </class> <!-- testScripts.PlaceOrderTest -->
    </test> <!-- Default test -->
  </suite> <!-- Default suite -->
</testng-results>
